<?xml version="1.0" encoding="UTF-8"?>
<!-- Generated by org.testng.reporters.JUnitXMLReporter -->
<testsuite hostname="ashvinis-MacBook-Pro.local" failures="0" tests="2" name="Functional_UI" time="29.689" errors="0" timestamp="5 Dec 2019 02:52:54 GMT">
  <testcase classname="com.qa.testcases.AddTripPageTest" name="@AfterTest tearDown" time="0.0">
    <failure type="org.openqa.selenium.NoSuchSessionException" message="Session ID is null. Using WebDriver after calling quit()?
Build info: version: &amp;apos;3.141.59&amp;apos;, revision: &amp;apos;e82be7d358&amp;apos;, time: &amp;apos;2018-11-14T08:17:03&amp;apos;
System info: host: &amp;apos;ashvinis-MacBook-Pro.local&amp;apos;, ip: &amp;apos;2601:647:4a01:aed0:5024:39b7:4e1f:7360%en0&amp;apos;, os.name: &amp;apos;Mac OS X&amp;apos;, os.arch: &amp;apos;x86_64&amp;apos;, os.version: &amp;apos;10.13.6&amp;apos;, java.version: &amp;apos;11.0.1&amp;apos;
Driver info: driver.version: RemoteWebDriver">
      <![CDATA[org.openqa.selenium.NoSuchSessionException: Session ID is null. Using WebDriver after calling quit()?
Build info: version: '3.141.59', revision: 'e82be7d358', time: '2018-11-14T08:17:03'
System info: host: 'ashvinis-MacBook-Pro.local', ip: '2601:647:4a01:aed0:5024:39b7:4e1f:7360%en0', os.name: 'Mac OS X', os.arch: 'x86_64', os.version: '10.13.6', java.version: '11.0.1'
Driver info: driver.version: RemoteWebDriver
	at org.openqa.selenium.remote.HttpCommandExecutor.execute(HttpCommandExecutor.java:125)
	at org.openqa.selenium.remote.service.DriverCommandExecutor.execute(DriverCommandExecutor.java:83)
	at org.openqa.selenium.remote.RemoteWebDriver.execute(RemoteWebDriver.java:552)
	at org.openqa.selenium.remote.RemoteWebDriver.execute(RemoteWebDriver.java:609)
	at org.openqa.selenium.remote.RemoteWebDriver.close(RemoteWebDriver.java:442)
	at com.qa.base.TestBase.closeAndKill(TestBase.java:59)
	at com.qa.testcases.HomePageTest.tearDown(HomePageTest.java:102)
... Removed 22 stack frames]]>
    </failure>
  </testcase> <!-- @AfterTest tearDown -->
  <testcase classname="com.qa.testcases.AddTripPageTest" name="verifyAddTrippage" time="7.542"/>
  <testcase classname="com.qa.testcases.HomePageTest" name="verifyHomePage" time="16.581"/>
</testsuite> <!-- Functional_UI -->
